2021-05-08 02:13:20 [scrapy.utils.log] INFO: Scrapy 2.5.0 started (bot: scraper)
2021-05-08 02:13:20 [scrapy.utils.log] INFO: Versions: lxml 4.6.3.0, libxml2 2.9.10, cssselect 1.1.0, parsel 1.6.0, w3lib 1.22.0, Twisted 21.2.0, Python 3.9.4 (default, Apr 27 2021, 21:48:07) - [Clang 12.0.5 (clang-1205.0.22.9)], pyOpenSSL 20.0.1 (OpenSSL 1.1.1k  25 Mar 2021), cryptography 3.4.7, Platform macOS-11.3-x86_64-i386-64bit
2021-05-08 02:13:20 [scrapy.utils.log] DEBUG: Using reactor: twisted.internet.selectreactor.SelectReactor
2021-05-08 02:13:20 [scrapy.crawler] INFO: Overridden settings:
{'BOT_NAME': 'scraper',
 'LOG_FILE': 'logs/default/main_spider/f42df742afa211eb83b0acde48001122.log',
 'NEWSPIDER_MODULE': 'scraper.spiders',
 'ROBOTSTXT_OBEY': True,
 'SPIDER_MODULES': ['scraper.spiders']}
2021-05-08 02:13:20 [scrapy.extensions.telnet] INFO: Telnet Password: c543a03a13aee3c5
2021-05-08 02:13:20 [scrapy.middleware] INFO: Enabled extensions:
['scrapy.extensions.corestats.CoreStats',
 'scrapy.extensions.telnet.TelnetConsole',
 'scrapy.extensions.memusage.MemoryUsage',
 'scrapy.extensions.logstats.LogStats']
2021-05-08 02:13:20 [scrapy.middleware] INFO: Enabled downloader middlewares:
['scrapy.downloadermiddlewares.robotstxt.RobotsTxtMiddleware',
 'scrapy.downloadermiddlewares.httpauth.HttpAuthMiddleware',
 'scrapy.downloadermiddlewares.downloadtimeout.DownloadTimeoutMiddleware',
 'scrapy.downloadermiddlewares.defaultheaders.DefaultHeadersMiddleware',
 'scrapy.downloadermiddlewares.useragent.UserAgentMiddleware',
 'scrapy.downloadermiddlewares.retry.RetryMiddleware',
 'scrapy.downloadermiddlewares.redirect.MetaRefreshMiddleware',
 'scrapy.downloadermiddlewares.httpcompression.HttpCompressionMiddleware',
 'scrapy.downloadermiddlewares.redirect.RedirectMiddleware',
 'scrapy.downloadermiddlewares.cookies.CookiesMiddleware',
 'scrapy.downloadermiddlewares.httpproxy.HttpProxyMiddleware',
 'scrapy.downloadermiddlewares.stats.DownloaderStats']
2021-05-08 02:13:20 [scrapy.middleware] INFO: Enabled spider middlewares:
['scrapy.spidermiddlewares.httperror.HttpErrorMiddleware',
 'scrapy.spidermiddlewares.offsite.OffsiteMiddleware',
 'scrapy.spidermiddlewares.referer.RefererMiddleware',
 'scrapy.spidermiddlewares.urllength.UrlLengthMiddleware',
 'scrapy.spidermiddlewares.depth.DepthMiddleware']
2021-05-08 02:13:20 [scrapy.middleware] INFO: Enabled item pipelines:
['scraper.pipelines.ScraperPipeline']
2021-05-08 02:13:20 [scrapy.core.engine] INFO: Spider opened
2021-05-08 02:13:20 [scrapy.extensions.logstats] INFO: Crawled 0 pages (at 0 pages/min), scraped 0 items (at 0 items/min)
2021-05-08 02:13:20 [scrapy.extensions.telnet] INFO: Telnet console listening on 127.0.0.1:6023
2021-05-08 02:13:21 [scrapy.core.engine] DEBUG: Crawled (200) <GET https://brasil.diplo.de/robots.txt> (referer: None)
2021-05-08 02:13:22 [scrapy.core.engine] DEBUG: Crawled (200) <GET https://brasil.diplo.de/br-pt/coronavirus/2320108> (referer: None)
2021-05-08 02:13:22 [asyncio] DEBUG: Using selector: KqueueSelector
2021-05-08 02:13:22 [py.warnings] WARNING: /Users/eduardoborba/.pyenv/versions/3.9.4/lib/python3.9/site-packages/django/db/models/fields/__init__.py:1416: RuntimeWarning: DateTimeField ScrapeResult.scrape_time received a naive datetime (2021-05-08 02:13:22.576387) while time zone support is active.
  warnings.warn("DateTimeField %s received a naive datetime (%s)"

2021-05-08 02:13:22 [scrapy.core.scraper] DEBUG: Scraped from <200 https://brasil.diplo.de/br-pt/coronavirus/2320108>
{'scrape_content': '<p class="rte__paragraph">Para evitar a inserção de formas '
                   'mutantes do vírus corona, o Governo Federal decidiu por '
                   'uma proibição geral\xa0de entrada e transporte de viagens '
                   'do Brasil para a Alemanha a partir de sábado, 30 de '
                   'janeiro de 2021, 0.00h\xa0CET. <em '
                   'class="rte__emphasis">Esta proibição de entrada e '
                   'transporte foi prorrogada até 12/05/2021 e poderá ser '
                   'novamente prorrogada dependendo do desenvolvimento da '
                   'pandemia.</em><br></p>',
 'scrape_target': <ScrapeTarget: ScrapeTarget object (2)>,
 'scrape_time': '2021-05-08 02:13:22.576387'}
2021-05-08 02:13:22 [scrapy.core.engine] INFO: Closing spider (finished)
2021-05-08 02:13:22 [scrapy.statscollectors] INFO: Dumping Scrapy stats:
{'downloader/request_bytes': 465,
 'downloader/request_count': 2,
 'downloader/request_method_count/GET': 2,
 'downloader/response_bytes': 15786,
 'downloader/response_count': 2,
 'downloader/response_status_count/200': 2,
 'elapsed_time_seconds': 1.665155,
 'finish_reason': 'finished',
 'finish_time': datetime.datetime(2021, 5, 8, 2, 13, 22, 587059),
 'httpcompression/response_bytes': 68487,
 'httpcompression/response_count': 1,
 'item_scraped_count': 1,
 'log_count/DEBUG': 4,
 'log_count/INFO': 10,
 'log_count/WARNING': 1,
 'memusage/max': 73908224,
 'memusage/startup': 73908224,
 'response_received_count': 2,
 'robotstxt/request_count': 1,
 'robotstxt/response_count': 1,
 'robotstxt/response_status_count/200': 1,
 'scheduler/dequeued': 1,
 'scheduler/dequeued/memory': 1,
 'scheduler/enqueued': 1,
 'scheduler/enqueued/memory': 1,
 'start_time': datetime.datetime(2021, 5, 8, 2, 13, 20, 921904)}
2021-05-08 02:13:22 [scrapy.core.engine] INFO: Spider closed (finished)
